<?xml version="1.0" encoding="UTF-8"?>
<!-- Generated by org.testng.reporters.JUnitReportReporter -->
<testsuite hostname="QT-INNO-LT0004" name="Tests.Weather_Verification_Test" tests="3" failures="0" timestamp="1 Jul 2021 17:47:47 GMT" time="29.710" errors="0">
  <testcase name="Test02_Click_On_Weather_Tab_And_Verify_User_Navigates_To_Weather_Page" time="2.158" classname="Tests.Weather_Verification_Test"/>
  <testcase name="Test03_enter_City_And_Verify_City_Is_Displayed_In_Map" time="0.226" classname="Tests.Weather_Verification_Test"/>
  <testcase name="Test01_Launch_Application_And_Verify_User_Navigation_To_HomePage" time="27.326" classname="Tests.Weather_Verification_Test"/>
</testsuite> <!-- Tests.Weather_Verification_Test -->
