<?xml version="1.0" encoding="UTF-8"?>
<!-- Generated by org.testng.reporters.JUnitReportReporter -->
<testsuite skipped="0" hostname="QT-INNO-LT0004" name="automation.tests.Weather_Verification_Compare_Data_Test" tests="1" failures="0" timestamp="02 Jul 2021 18:26:53 GMT" time="0.000" errors="0">
  <testcase name="Test01_Compare_Temperature_Data_From_UI_And_API" time="0.000" classname="automation.tests.Weather_Verification_Compare_Data_Test"/>
</testsuite> <!-- automation.tests.Weather_Verification_Compare_Data_Test -->
