<?xml version="1.0" encoding="UTF-8"?>
<!-- Generated by org.testng.reporters.JUnitReportReporter -->
<testsuite skipped="0" hostname="QT-INNO-LT0004" name="automation.tests.Weather_Verification_Compare_Data_Test" tests="2" failures="0" timestamp="03 Jul 2021 13:20:45 GMT" time="0.156" errors="0">
  <testcase name="Test01_Compare_Weather_Condition_Data_From_UI_And_API" time="0.020" classname="automation.tests.Weather_Verification_Compare_Data_Test"/>
  <testcase name="Test02_Compare_Weather_Temperature_Data_From_UI_And_API" time="0.136" classname="automation.tests.Weather_Verification_Compare_Data_Test"/>
</testsuite> <!-- automation.tests.Weather_Verification_Compare_Data_Test -->
