<?xml version="1.0" encoding="UTF-8"?>
<!-- Generated by org.testng.reporters.JUnitReportReporter -->
<testsuite skipped="0" hostname="QT-INNO-LT0004" name="automation.tests.Weather_Verification_Test" tests="4" failures="0" timestamp="03 Jul 2021 17:04:14 GMT" time="16.344" errors="0">
  <testcase name="Test03_enter_City_And_Verify_City_Is_Displayed_In_Map" time="0.535" classname="automation.tests.Weather_Verification_Test"/>
  <testcase name="Test04_Verify_City_Weather_Information_Displayed_In_Map" time="0.309" classname="automation.tests.Weather_Verification_Test"/>
  <testcase name="Test01_Launch_Application_And_Verify_User_Navigation_To_HomePage" time="12.351" classname="automation.tests.Weather_Verification_Test"/>
  <testcase name="Test02_Click_On_Weather_Tab_And_Verify_User_Navigates_To_Weather_Page" time="3.149" classname="automation.tests.Weather_Verification_Test"/>
</testsuite> <!-- automation.tests.Weather_Verification_Test -->
