<?xml version="1.0" encoding="UTF-8"?>
<!-- Generated by org.testng.reporters.JUnitReportReporter -->
<testsuite skipped="0" hostname="QT-INNO-LT0004" name="automation.tests.Weather_Verification_API_Test" tests="4" failures="0" timestamp="02 Jul 2021 18:26:53 GMT" time="3.809" errors="0">
  <testcase name="Test02_verify_Access_To_Weather_API_And_Check_Response_Status_Code" time="0.235" classname="automation.tests.Weather_Verification_API_Test"/>
  <testcase name="Test03_verify_Weather_Condition_In_WeatherAPI_Response" time="1.066" classname="automation.tests.Weather_Verification_API_Test"/>
  <testcase name="Test01_verify_Access_To_Weather_API_For_invalid_CityName_Input_And_Check_Response_Status_Code" time="2.492" classname="automation.tests.Weather_Verification_API_Test"/>
  <testcase name="Test04_verify_Weather_Temperature_In_WeatherAPI_Response" time="0.016" classname="automation.tests.Weather_Verification_API_Test"/>
</testsuite> <!-- automation.tests.Weather_Verification_API_Test -->
